<?xml version="1.0" encoding="UTF-8"?>
<testng-results skipped="0" failed="0" total="1" passed="1">
  <reporter-output>
  </reporter-output>
  <suite name="Walmart e-commerce App running on Firefox Browser" duration-ms="42606" started-at="2016-05-13T14:02:39Z" finished-at="2016-05-13T14:03:22Z">
    <groups>
    </groups>
    <test name="Home Page" duration-ms="42606" started-at="2016-05-13T14:02:39Z" finished-at="2016-05-13T14:03:22Z">
      <class name="homePage.Search">
        <test-method status="PASS" signature="setUp(boolean, java.lang.String, java.lang.String, java.lang.String, java.lang.String, java.lang.String, java.lang.String)[pri:0, instance:homePage.Search@4e04a765]" name="setUp" is-config="true" duration-ms="14021" started-at="2016-05-13T10:02:39Z" finished-at="2016-05-13T10:02:53Z">
          <params>
            <param index="0">
              <value>
                <![CDATA[false]]>
              </value>
            </param>
            <param index="1">
              <value>
                <![CDATA[shahidaLucky]]>
              </value>
            </param>
            <param index="2">
              <value>
                <![CDATA[]]>
              </value>
            </param>
            <param index="3">
              <value>
                <![CDATA[Windows 10]]>
              </value>
            </param>
            <param index="4">
              <value>
                <![CDATA[firefox]]>
              </value>
            </param>
            <param index="5">
              <value>
                <![CDATA[43.0]]>
              </value>
            </param>
            <param index="6">
              <value>
                <![CDATA[http://www.walmart.com]]>
              </value>
            </param>
          </params>
          <reporter-output>
          </reporter-output>
        </test-method> <!-- setUp -->
        <test-method status="PASS" signature="test()[pri:0, instance:homePage.Search@4e04a765]" name="test" duration-ms="27434" started-at="2016-05-13T10:02:53Z" finished-at="2016-05-13T10:03:21Z">
          <reporter-output>
          </reporter-output>
        </test-method> <!-- test -->
        <test-method status="PASS" signature="cleanUp()[pri:0, instance:homePage.Search@4e04a765]" name="cleanUp" is-config="true" duration-ms="1133" started-at="2016-05-13T10:03:21Z" finished-at="2016-05-13T10:03:22Z">
          <reporter-output>
          </reporter-output>
        </test-method> <!-- cleanUp -->
      </class> <!-- homePage.Search -->
    </test> <!-- Home Page -->
  </suite> <!-- Walmart e-commerce App running on Firefox Browser -->
</testng-results>
